e:\visual studio\c++\treantproject\treant\treant\vendor\glfw\bin\debug-windows-x86_64\glfw\glfw.pdb
e:\visual studio\c++\treantproject\treant\treant\vendor\glfw\bin-int\debug-windows-x86_64\glfw\window.obj
e:\visual studio\c++\treantproject\treant\treant\vendor\glfw\bin-int\debug-windows-x86_64\glfw\win32_window.obj
e:\visual studio\c++\treantproject\treant\treant\vendor\glfw\bin-int\debug-windows-x86_64\glfw\win32_time.obj
e:\visual studio\c++\treantproject\treant\treant\vendor\glfw\bin-int\debug-windows-x86_64\glfw\win32_thread.obj
e:\visual studio\c++\treantproject\treant\treant\vendor\glfw\bin-int\debug-windows-x86_64\glfw\win32_monitor.obj
e:\visual studio\c++\treantproject\treant\treant\vendor\glfw\bin-int\debug-windows-x86_64\glfw\win32_joystick.obj
e:\visual studio\c++\treantproject\treant\treant\vendor\glfw\bin-int\debug-windows-x86_64\glfw\win32_init.obj
e:\visual studio\c++\treantproject\treant\treant\vendor\glfw\bin-int\debug-windows-x86_64\glfw\wgl_context.obj
e:\visual studio\c++\treantproject\treant\treant\vendor\glfw\bin-int\debug-windows-x86_64\glfw\vulkan.obj
e:\visual studio\c++\treantproject\treant\treant\vendor\glfw\bin-int\debug-windows-x86_64\glfw\osmesa_context.obj
e:\visual studio\c++\treantproject\treant\treant\vendor\glfw\bin-int\debug-windows-x86_64\glfw\monitor.obj
e:\visual studio\c++\treantproject\treant\treant\vendor\glfw\bin-int\debug-windows-x86_64\glfw\input.obj
e:\visual studio\c++\treantproject\treant\treant\vendor\glfw\bin-int\debug-windows-x86_64\glfw\init.obj
e:\visual studio\c++\treantproject\treant\treant\vendor\glfw\bin-int\debug-windows-x86_64\glfw\egl_context.obj
e:\visual studio\c++\treantproject\treant\treant\vendor\glfw\bin-int\debug-windows-x86_64\glfw\context.obj
e:\visual studio\c++\treantproject\treant\treant\vendor\glfw\bin-int\debug-windows-x86_64\glfw\posix_module.obj
e:\visual studio\c++\treantproject\treant\treant\vendor\glfw\bin-int\debug-windows-x86_64\glfw\platform.obj
e:\visual studio\c++\treantproject\treant\treant\vendor\glfw\bin-int\debug-windows-x86_64\glfw\null_window.obj
e:\visual studio\c++\treantproject\treant\treant\vendor\glfw\bin-int\debug-windows-x86_64\glfw\null_monitor.obj
e:\visual studio\c++\treantproject\treant\treant\vendor\glfw\bin-int\debug-windows-x86_64\glfw\null_joystick.obj
e:\visual studio\c++\treantproject\treant\treant\vendor\glfw\bin-int\debug-windows-x86_64\glfw\null_init.obj
e:\visual studio\c++\treantproject\treant\treant\vendor\glfw\bin-int\debug-windows-x86_64\glfw\nsgl_context.obj
e:\visual studio\c++\treantproject\treant\treant\vendor\glfw\bin-int\debug-windows-x86_64\glfw\cocoa_window.obj
e:\visual studio\c++\treantproject\treant\treant\vendor\glfw\bin-int\debug-windows-x86_64\glfw\cocoa_monitor.obj
e:\visual studio\c++\treantproject\treant\treant\vendor\glfw\bin-int\debug-windows-x86_64\glfw\cocoa_joystick.obj
e:\visual studio\c++\treantproject\treant\treant\vendor\glfw\bin-int\debug-windows-x86_64\glfw\cocoa_init.obj
e:\visual studio\c++\treantproject\treant\treant\vendor\glfw\bin-int\debug-windows-x86_64\glfw\xkb_unicode.obj
e:\visual studio\c++\treantproject\treant\treant\vendor\glfw\bin-int\debug-windows-x86_64\glfw\x11_window.obj
e:\visual studio\c++\treantproject\treant\treant\vendor\glfw\bin-int\debug-windows-x86_64\glfw\x11_monitor.obj
e:\visual studio\c++\treantproject\treant\treant\vendor\glfw\bin-int\debug-windows-x86_64\glfw\x11_init.obj
e:\visual studio\c++\treantproject\treant\treant\vendor\glfw\bin-int\debug-windows-x86_64\glfw\wl_window.obj
e:\visual studio\c++\treantproject\treant\treant\vendor\glfw\bin-int\debug-windows-x86_64\glfw\wl_monitor.obj
e:\visual studio\c++\treantproject\treant\treant\vendor\glfw\bin-int\debug-windows-x86_64\glfw\wl_init.obj
e:\visual studio\c++\treantproject\treant\treant\vendor\glfw\bin-int\debug-windows-x86_64\glfw\win32_module.obj
e:\visual studio\c++\treantproject\treant\treant\vendor\glfw\bin-int\debug-windows-x86_64\glfw\posix_time.obj
e:\visual studio\c++\treantproject\treant\treant\vendor\glfw\bin-int\debug-windows-x86_64\glfw\posix_thread.obj
e:\visual studio\c++\treantproject\treant\treant\vendor\glfw\bin-int\debug-windows-x86_64\glfw\posix_poll.obj
e:\visual studio\c++\treantproject\treant\treant\vendor\glfw\bin-int\debug-windows-x86_64\glfw\linux_joystick.obj
e:\visual studio\c++\treantproject\treant\treant\vendor\glfw\bin-int\debug-windows-x86_64\glfw\glx_context.obj
e:\visual studio\c++\treantproject\treant\treant\vendor\glfw\bin-int\debug-windows-x86_64\glfw\cocoa_time.obj
e:\visual studio\c++\treantproject\treant\treant\vendor\glfw\bin\debug-windows-x86_64\glfw\glfw.lib
e:\visual studio\c++\treantproject\treant\treant\vendor\glfw\bin-int\debug-windows-x86_64\glfw\glfw.tlog\cl.command.1.tlog
e:\visual studio\c++\treantproject\treant\treant\vendor\glfw\bin-int\debug-windows-x86_64\glfw\glfw.tlog\cl.read.1.tlog
e:\visual studio\c++\treantproject\treant\treant\vendor\glfw\bin-int\debug-windows-x86_64\glfw\glfw.tlog\cl.write.1.tlog
e:\visual studio\c++\treantproject\treant\treant\vendor\glfw\bin-int\debug-windows-x86_64\glfw\glfw.tlog\lib-link.read.1.tlog
e:\visual studio\c++\treantproject\treant\treant\vendor\glfw\bin-int\debug-windows-x86_64\glfw\glfw.tlog\lib-link.write.1.tlog
e:\visual studio\c++\treantproject\treant\treant\vendor\glfw\bin-int\debug-windows-x86_64\glfw\glfw.tlog\lib.command.1.tlog
